<?xml version="1.0" encoding="UTF-8"?>
<testsuites name="LogInTestSuit" time="124.986" tests="5" failures="0" errors="0">
   <testsuite name="LogInTestSuit" tests="5" failures="0" errors="0" time="124.986" timestamp="2020-10-15 21:18:12" hostname="Admin - Fox" id="Test Suites/LogInTestSuit">
      <properties>
         <property name="deviceName" value=""/>
         <property name="devicePlatform" value=""/>
         <property name="logFolder" value="C:\\Users\\Admin\\git\\ST-Lab01\\Reports\\20201015_211809\\LogInTestSuit\\20201015_211809"/>
         <property name="logFiles" value="C:\\Users\\Admin\\git\\ST-Lab01\\Reports\\20201015_211809\\LogInTestSuit\\20201015_211809\\execution0.log"/>
         <property name="attachments" value=""/>
         <property name="hostName" value="Admin - Fox"/>
         <property name="os" value="Windows 10 64bit"/>
         <property name="katalonVersion" value="7.7.1.205"/>
         <property name="browser" value="Chrome 86.0.4240.75"/>
         <property name="hostAddress" value="192.168.1.104"/>
         <property name="sessionId" value="9616f137fa5931dbc9ab59248b277bed"/>
         <property name="seleniumVersion" value="3.141.59"/>
         <property name="proxyInformation" value="ProxyInformation { proxyOption=NO_PROXY, proxyServerType=HTTP, username=, password=********, proxyServerAddress=, proxyServerPort=0, executionList=&quot;&quot;, isApplyToDesiredCapabilities=true }"/>
         <property name="platform" value="Windows 10"/>
      </properties>
      <testcase name="Test Cases/tc01" time="54.255" classname="Test Cases/tc01" status="PASSED">
         <system-out><![CDATA[2020-10-15 21:18:13 - [TEST_CASE][PASSED] - Test Cases/tc01: Test Cases/tc01

2020-10-15 21:18:13 - [TEST_STEP][PASSED] - openBrowser(""): Browser is opened with url: ''

2020-10-15 21:18:14 - [MESSAGE][INFO] - Starting 'Chrome' driver

2020-10-15 21:18:14 - [MESSAGE][INFO] - Action delay is set to 0 milliseconds

2020-10-15 21:18:19 - [MESSAGE][PASSED] - Browser is opened with url: ''

2020-10-15 21:18:19 - [TEST_STEP][PASSED] - navigateToUrl(url): Navigate to 'https://katalon-demo-cura.herokuapp.com/' successfully

2020-10-15 21:18:58 - [MESSAGE][PASSED] - Navigate to 'https://katalon-demo-cura.herokuapp.com/' successfully

2020-10-15 21:18:58 - [TEST_STEP][PASSED] - click(findTestObject("Object Repository/Page_CURA Healthcare Service/a_Make Appointment")): Object: 'Object Repository/Page_CURA Healthcare Service/a_Make Appointment' is clicked on

2020-10-15 21:18:59 - [MESSAGE][PASSED] - Object: 'Object Repository/Page_CURA Healthcare Service/a_Make Appointment' is clicked on

2020-10-15 21:18:59 - [TEST_STEP][PASSED] - setText(findTestObject("Object Repository/Page_CURA Healthcare Service/input_Username_username"), username): Text 'John Doe' is set on object 'Object Repository/Page_CURA Healthcare Service/input_Username_username'

2020-10-15 21:19:00 - [MESSAGE][PASSED] - Text 'John Doe' is set on object 'Object Repository/Page_CURA Healthcare Service/input_Username_username'

2020-10-15 21:19:00 - [TEST_STEP][PASSED] - setText(findTestObject("Object Repository/Page_CURA Healthcare Service/input_Password_password"), password): Text 'ThisIsNotAPassword' is set on object 'Object Repository/Page_CURA Healthcare Service/input_Password_password'

2020-10-15 21:19:01 - [MESSAGE][PASSED] - Text 'ThisIsNotAPassword' is set on object 'Object Repository/Page_CURA Healthcare Service/input_Password_password'

2020-10-15 21:19:01 - [TEST_STEP][PASSED] - click(findTestObject("Object Repository/Page_CURA Healthcare Service/button_Login")): Object: 'Object Repository/Page_CURA Healthcare Service/button_Login' is clicked on

2020-10-15 21:19:05 - [MESSAGE][PASSED] - Object: 'Object Repository/Page_CURA Healthcare Service/button_Login' is clicked on

2020-10-15 21:19:05 - [TEST_STEP][PASSED] - waitForElementPresent(findTestObject("Page_CURA Healthcare Service/h2_Make Appointment"), 15): Object 'Object Repository/Page_CURA Healthcare Service/h2_Make Appointment' is present

2020-10-15 21:19:06 - [MESSAGE][PASSED] - Object 'Object Repository/Page_CURA Healthcare Service/h2_Make Appointment' is present

2020-10-15 21:19:06 - [TEST_STEP][PASSED] - verifyElementText(findTestObject("Page_CURA Healthcare Service/h2_Make Appointment"), "Make Appointment"): Actual text and expected text of test object 'Object Repository/Page_CURA Healthcare Service/h2_Make Appointment' are matched.

2020-10-15 21:19:06 - [MESSAGE][PASSED] - Actual text and expected text of test object 'Object Repository/Page_CURA Healthcare Service/h2_Make Appointment' are matched.

2020-10-15 21:19:06 - [TEST_STEP][PASSED] - closeBrowser(): Browser is closed

2020-10-15 21:19:07 - [MESSAGE][PASSED] - Browser is closed]]></system-out>
         <system-err><![CDATA[]]></system-err>
      </testcase>
      <testcase name="Test Cases/tc02" time="18.249" classname="Test Cases/tc02" status="PASSED">
         <system-out><![CDATA[2020-10-15 21:19:07 - [TEST_CASE][PASSED] - Test Cases/tc02: Test Cases/tc02

2020-10-15 21:19:07 - [TEST_STEP][PASSED] - openBrowser(""): Browser is opened with url: ''

2020-10-15 21:19:07 - [MESSAGE][INFO] - Starting 'Chrome' driver

2020-10-15 21:19:07 - [MESSAGE][INFO] - Action delay is set to 0 milliseconds

2020-10-15 21:19:11 - [MESSAGE][PASSED] - Browser is opened with url: ''

2020-10-15 21:19:11 - [TEST_STEP][PASSED] - navigateToUrl(url): Navigate to 'https://katalon-demo-cura.herokuapp.com/' successfully

2020-10-15 21:19:18 - [MESSAGE][PASSED] - Navigate to 'https://katalon-demo-cura.herokuapp.com/' successfully

2020-10-15 21:19:18 - [TEST_STEP][PASSED] - click(findTestObject("Object Repository/Page_CURA Healthcare Service/a_Make Appointment")): Object: 'Object Repository/Page_CURA Healthcare Service/a_Make Appointment' is clicked on

2020-10-15 21:19:21 - [MESSAGE][PASSED] - Object: 'Object Repository/Page_CURA Healthcare Service/a_Make Appointment' is clicked on

2020-10-15 21:19:21 - [TEST_STEP][PASSED] - setText(findTestObject("Object Repository/Page_CURA Healthcare Service/input_Username_username"), username): Text 'John Doe' is set on object 'Object Repository/Page_CURA Healthcare Service/input_Username_username'

2020-10-15 21:19:21 - [MESSAGE][PASSED] - Text 'John Doe' is set on object 'Object Repository/Page_CURA Healthcare Service/input_Username_username'

2020-10-15 21:19:21 - [TEST_STEP][PASSED] - setText(findTestObject("Object Repository/Page_CURA Healthcare Service/input_Password_password"), wrong_pass): Text '6599' is set on object 'Object Repository/Page_CURA Healthcare Service/input_Password_password'

2020-10-15 21:19:22 - [MESSAGE][PASSED] - Text '6599' is set on object 'Object Repository/Page_CURA Healthcare Service/input_Password_password'

2020-10-15 21:19:22 - [TEST_STEP][PASSED] - click(findTestObject("Object Repository/Page_CURA Healthcare Service/button_Login")): Object: 'Object Repository/Page_CURA Healthcare Service/button_Login' is clicked on

2020-10-15 21:19:24 - [MESSAGE][PASSED] - Object: 'Object Repository/Page_CURA Healthcare Service/button_Login' is clicked on

2020-10-15 21:19:24 - [TEST_STEP][PASSED] - waitForElementPresent(findTestObject("Page_CURA Healthcare Service/p_Login failed Please ensure the username a_eb55b5"), 15): Object 'Object Repository/Page_CURA Healthcare Service/p_Login failed Please ensure the username a_eb55b5' is present

2020-10-15 21:19:24 - [MESSAGE][PASSED] - Object 'Object Repository/Page_CURA Healthcare Service/p_Login failed Please ensure the username a_eb55b5' is present

2020-10-15 21:19:24 - [TEST_STEP][PASSED] - verifyElementText(findTestObject("Object Repository/Page_CURA Healthcare Service/p_Login failed Please ensure the username a_eb55b5"), "Login failed! Please ensure the username and password are valid."): Actual text and expected text of test object 'Object Repository/Page_CURA Healthcare Service/p_Login failed Please ensure the username a_eb55b5' are matched.

2020-10-15 21:19:24 - [MESSAGE][PASSED] - Actual text and expected text of test object 'Object Repository/Page_CURA Healthcare Service/p_Login failed Please ensure the username a_eb55b5' are matched.

2020-10-15 21:19:24 - [TEST_STEP][PASSED] - closeBrowser(): Browser is closed

2020-10-15 21:19:25 - [MESSAGE][PASSED] - Browser is closed]]></system-out>
         <system-err><![CDATA[]]></system-err>
      </testcase>
      <testcase name="Test Cases/tc03" time="20.522" classname="Test Cases/tc03" status="PASSED">
         <system-out><![CDATA[2020-10-15 21:19:25 - [TEST_CASE][PASSED] - Test Cases/tc03: Test Cases/tc03

2020-10-15 21:19:25 - [TEST_STEP][PASSED] - openBrowser(""): Browser is opened with url: ''

2020-10-15 21:19:25 - [MESSAGE][INFO] - Starting 'Chrome' driver

2020-10-15 21:19:25 - [MESSAGE][INFO] - Action delay is set to 0 milliseconds

2020-10-15 21:19:29 - [MESSAGE][PASSED] - Browser is opened with url: ''

2020-10-15 21:19:29 - [TEST_STEP][PASSED] - navigateToUrl(url): Navigate to 'https://katalon-demo-cura.herokuapp.com/' successfully

2020-10-15 21:19:39 - [MESSAGE][PASSED] - Navigate to 'https://katalon-demo-cura.herokuapp.com/' successfully

2020-10-15 21:19:39 - [TEST_STEP][PASSED] - click(findTestObject("Object Repository/Page_CURA Healthcare Service/a_Make Appointment")): Object: 'Object Repository/Page_CURA Healthcare Service/a_Make Appointment' is clicked on

2020-10-15 21:19:41 - [MESSAGE][PASSED] - Object: 'Object Repository/Page_CURA Healthcare Service/a_Make Appointment' is clicked on

2020-10-15 21:19:41 - [TEST_STEP][PASSED] - setText(findTestObject("Object Repository/Page_CURA Healthcare Service/input_Username_username"), wrong_usn): Text 'ngan' is set on object 'Object Repository/Page_CURA Healthcare Service/input_Username_username'

2020-10-15 21:19:41 - [MESSAGE][PASSED] - Text 'ngan' is set on object 'Object Repository/Page_CURA Healthcare Service/input_Username_username'

2020-10-15 21:19:41 - [TEST_STEP][PASSED] - setText(findTestObject("Object Repository/Page_CURA Healthcare Service/input_Password_password"), password): Text 'ThisIsNotAPassword' is set on object 'Object Repository/Page_CURA Healthcare Service/input_Password_password'

2020-10-15 21:19:42 - [MESSAGE][PASSED] - Text 'ThisIsNotAPassword' is set on object 'Object Repository/Page_CURA Healthcare Service/input_Password_password'

2020-10-15 21:19:42 - [TEST_STEP][PASSED] - click(findTestObject("Object Repository/Page_CURA Healthcare Service/button_Login")): Object: 'Object Repository/Page_CURA Healthcare Service/button_Login' is clicked on

2020-10-15 21:19:44 - [MESSAGE][PASSED] - Object: 'Object Repository/Page_CURA Healthcare Service/button_Login' is clicked on

2020-10-15 21:19:44 - [TEST_STEP][PASSED] - waitForElementPresent(findTestObject("Page_CURA Healthcare Service/p_Login failed Please ensure the username a_eb55b5"), 15): Object 'Object Repository/Page_CURA Healthcare Service/p_Login failed Please ensure the username a_eb55b5' is present

2020-10-15 21:19:45 - [MESSAGE][PASSED] - Object 'Object Repository/Page_CURA Healthcare Service/p_Login failed Please ensure the username a_eb55b5' is present

2020-10-15 21:19:45 - [TEST_STEP][PASSED] - verifyElementText(findTestObject("Page_CURA Healthcare Service/p_Login failed Please ensure the username a_eb55b5"), "Login failed! Please ensure the username and password are valid."): Actual text and expected text of test object 'Object Repository/Page_CURA Healthcare Service/p_Login failed Please ensure the username a_eb55b5' are matched.

2020-10-15 21:19:45 - [MESSAGE][PASSED] - Actual text and expected text of test object 'Object Repository/Page_CURA Healthcare Service/p_Login failed Please ensure the username a_eb55b5' are matched.

2020-10-15 21:19:45 - [TEST_STEP][PASSED] - closeBrowser(): Browser is closed

2020-10-15 21:19:46 - [MESSAGE][PASSED] - Browser is closed]]></system-out>
         <system-err><![CDATA[]]></system-err>
      </testcase>
      <testcase name="Test Cases/tc04" time="14.729" classname="Test Cases/tc04" status="PASSED">
         <system-out><![CDATA[2020-10-15 21:19:46 - [TEST_CASE][PASSED] - Test Cases/tc04: Test Cases/tc04

2020-10-15 21:19:46 - [TEST_STEP][PASSED] - openBrowser(""): Browser is opened with url: ''

2020-10-15 21:19:46 - [MESSAGE][INFO] - Starting 'Chrome' driver

2020-10-15 21:19:46 - [MESSAGE][INFO] - Action delay is set to 0 milliseconds

2020-10-15 21:19:49 - [MESSAGE][PASSED] - Browser is opened with url: ''

2020-10-15 21:19:49 - [TEST_STEP][PASSED] - navigateToUrl(url): Navigate to 'https://katalon-demo-cura.herokuapp.com/' successfully

2020-10-15 21:19:54 - [MESSAGE][PASSED] - Navigate to 'https://katalon-demo-cura.herokuapp.com/' successfully

2020-10-15 21:19:54 - [TEST_STEP][PASSED] - click(findTestObject("Object Repository/Page_CURA Healthcare Service/a_Make Appointment")): Object: 'Object Repository/Page_CURA Healthcare Service/a_Make Appointment' is clicked on

2020-10-15 21:19:55 - [MESSAGE][PASSED] - Object: 'Object Repository/Page_CURA Healthcare Service/a_Make Appointment' is clicked on

2020-10-15 21:19:55 - [TEST_STEP][PASSED] - setText(findTestObject("Object Repository/Page_CURA Healthcare Service/input_Username_username"), wrong_usn): Text 'ngan' is set on object 'Object Repository/Page_CURA Healthcare Service/input_Username_username'

2020-10-15 21:19:56 - [MESSAGE][PASSED] - Text 'ngan' is set on object 'Object Repository/Page_CURA Healthcare Service/input_Username_username'

2020-10-15 21:19:56 - [TEST_STEP][PASSED] - setText(findTestObject("Object Repository/Page_CURA Healthcare Service/input_Password_password"), wrong_pass): Text '6599' is set on object 'Object Repository/Page_CURA Healthcare Service/input_Password_password'

2020-10-15 21:19:57 - [MESSAGE][PASSED] - Text '6599' is set on object 'Object Repository/Page_CURA Healthcare Service/input_Password_password'

2020-10-15 21:19:57 - [TEST_STEP][PASSED] - click(findTestObject("Object Repository/Page_CURA Healthcare Service/button_Login")): Object: 'Object Repository/Page_CURA Healthcare Service/button_Login' is clicked on

2020-10-15 21:19:59 - [MESSAGE][PASSED] - Object: 'Object Repository/Page_CURA Healthcare Service/button_Login' is clicked on

2020-10-15 21:19:59 - [TEST_STEP][PASSED] - waitForElementPresent(findTestObject("Page_CURA Healthcare Service/p_Login failed Please ensure the username a_eb55b5"), 15): Object 'Object Repository/Page_CURA Healthcare Service/p_Login failed Please ensure the username a_eb55b5' is present

2020-10-15 21:19:59 - [MESSAGE][PASSED] - Object 'Object Repository/Page_CURA Healthcare Service/p_Login failed Please ensure the username a_eb55b5' is present

2020-10-15 21:19:59 - [TEST_STEP][PASSED] - verifyElementText(findTestObject("Page_CURA Healthcare Service/p_Login failed Please ensure the username a_eb55b5"), "Login failed! Please ensure the username and password are valid."): Actual text and expected text of test object 'Object Repository/Page_CURA Healthcare Service/p_Login failed Please ensure the username a_eb55b5' are matched.

2020-10-15 21:20:00 - [MESSAGE][PASSED] - Actual text and expected text of test object 'Object Repository/Page_CURA Healthcare Service/p_Login failed Please ensure the username a_eb55b5' are matched.

2020-10-15 21:20:00 - [TEST_STEP][PASSED] - closeBrowser(): Browser is closed

2020-10-15 21:20:00 - [MESSAGE][PASSED] - Browser is closed]]></system-out>
         <system-err><![CDATA[]]></system-err>
      </testcase>
      <testcase name="Test Cases/tc05" time="16.3" classname="Test Cases/tc05" status="PASSED">
         <system-out><![CDATA[2020-10-15 21:20:00 - [TEST_CASE][PASSED] - Test Cases/tc05: Test Cases/tc05

2020-10-15 21:20:01 - [TEST_STEP][PASSED] - openBrowser(""): Browser is opened with url: ''

2020-10-15 21:20:01 - [MESSAGE][INFO] - Starting 'Chrome' driver

2020-10-15 21:20:01 - [MESSAGE][INFO] - Action delay is set to 0 milliseconds

2020-10-15 21:20:04 - [MESSAGE][PASSED] - Browser is opened with url: ''

2020-10-15 21:20:04 - [TEST_STEP][PASSED] - navigateToUrl("https://katalon-demo-cura.herokuapp.com/"): Navigate to 'https://katalon-demo-cura.herokuapp.com/' successfully

2020-10-15 21:20:13 - [MESSAGE][PASSED] - Navigate to 'https://katalon-demo-cura.herokuapp.com/' successfully

2020-10-15 21:20:13 - [TEST_STEP][PASSED] - click(findTestObject("Object Repository/Page_CURA Healthcare Service/a_Make Appointment")): Object: 'Object Repository/Page_CURA Healthcare Service/a_Make Appointment' is clicked on

2020-10-15 21:20:14 - [MESSAGE][PASSED] - Object: 'Object Repository/Page_CURA Healthcare Service/a_Make Appointment' is clicked on

2020-10-15 21:20:14 - [TEST_STEP][PASSED] - click(findTestObject("Object Repository/Page_CURA Healthcare Service/button_Login")): Object: 'Object Repository/Page_CURA Healthcare Service/button_Login' is clicked on

2020-10-15 21:20:15 - [MESSAGE][PASSED] - Object: 'Object Repository/Page_CURA Healthcare Service/button_Login' is clicked on

2020-10-15 21:20:15 - [TEST_STEP][PASSED] - waitForElementPresent(findTestObject("Page_CURA Healthcare Service/p_Login failed Please ensure the username a_eb55b5"), 15): Object 'Object Repository/Page_CURA Healthcare Service/p_Login failed Please ensure the username a_eb55b5' is present

2020-10-15 21:20:15 - [MESSAGE][PASSED] - Object 'Object Repository/Page_CURA Healthcare Service/p_Login failed Please ensure the username a_eb55b5' is present

2020-10-15 21:20:15 - [TEST_STEP][PASSED] - verifyElementText(findTestObject("Page_CURA Healthcare Service/p_Login failed Please ensure the username a_eb55b5"), "Login failed! Please ensure the username and password are valid."): Actual text and expected text of test object 'Object Repository/Page_CURA Healthcare Service/p_Login failed Please ensure the username a_eb55b5' are matched.

2020-10-15 21:20:16 - [MESSAGE][PASSED] - Actual text and expected text of test object 'Object Repository/Page_CURA Healthcare Service/p_Login failed Please ensure the username a_eb55b5' are matched.

2020-10-15 21:20:16 - [TEST_STEP][PASSED] - closeBrowser(): Browser is closed

2020-10-15 21:20:17 - [MESSAGE][PASSED] - Browser is closed]]></system-out>
         <system-err><![CDATA[]]></system-err>
      </testcase>
      <system-out><![CDATA[2020-10-15 21:18:12 - [TEST_SUITE][PASSED] - LogInTestSuit: Test Cases/tc05]]></system-out>
      <system-err><![CDATA[]]></system-err>
   </testsuite>
</testsuites>
